<?xml version="1.0" encoding="UTF-8"?>
<!-- Generated by org.testng.reporters.JUnitReportReporter -->
<testsuite hostname="DESKTOP-HGQIUNP" name="Selenium_Grafana_Influx.Selenium_Grafana_Influx.APITest" tests="4" failures="0" timestamp="22 Feb 2021 13:24:25 GMT" time="10.141" errors="0">
  <testcase name="post_Request_Test" time="1.542" classname="Selenium_Grafana_Influx.Selenium_Grafana_Influx.APITest"/>
  <testcase name="get_Request_Test" time="4.301" classname="Selenium_Grafana_Influx.Selenium_Grafana_Influx.APITest"/>
  <testcase name="delete_Request_Test" time="2.079" classname="Selenium_Grafana_Influx.Selenium_Grafana_Influx.APITest"/>
  <testcase name="put_Request_Test" time="2.219" classname="Selenium_Grafana_Influx.Selenium_Grafana_Influx.APITest"/>
</testsuite> <!-- Selenium_Grafana_Influx.Selenium_Grafana_Influx.APITest -->
