<?xml version="1.0" encoding="UTF-8"?>
<!-- Generated by org.testng.reporters.JUnitReportReporter -->
<testsuite hostname="DESKTOP-HGQIUNP" name="Selenium_Grafana_Influx.Selenium_Grafana_Influx.BaseTest" tests="2" failures="0" timestamp="8 Feb 2021 14:37:56 GMT" time="41.332" errors="0">
  <testcase name="testmethod1" time="14.932" classname="Selenium_Grafana_Influx.Selenium_Grafana_Influx.BaseTest"/>
  <testcase name="testmethod2" time="26.400" classname="Selenium_Grafana_Influx.Selenium_Grafana_Influx.BaseTest"/>
</testsuite> <!-- Selenium_Grafana_Influx.Selenium_Grafana_Influx.BaseTest -->
